0 info it worked if it ends with ok
1 verbose cli [ 'E:\\servernode\\\\node.exe',
1 verbose cli   'E:\\servernode\\node_modules\\npm\\bin\\npm-cli.js',
1 verbose cli   'install' ]
2 info using npm@1.3.14
3 info using node@v0.10.22
4 verbose node symlink E:\servernode\\node.exe
5 error install Couldn't read dependencies
6 error package.json ENOENT, open 'C:\xampp\htdocs\boot\package.json'
6 error package.json This is most likely not a problem with npm itself.
6 error package.json npm can't find a package.json file in your current directory.
7 error System Windows_NT 5.1.2600
8 error command "E:\\servernode\\\\node.exe" "E:\\servernode\\node_modules\\npm\\bin\\npm-cli.js" "install"
9 error cwd C:\xampp\htdocs\boot
10 error node -v v0.10.22
11 error npm -v 1.3.14
12 error path C:\xampp\htdocs\boot\package.json
13 error code ENOPACKAGEJSON
14 error errno 34
15 verbose exit [ 34, true ]
